[2025-07-04 07:12:09] production.INFO: [BTCPAY] Webhook reçu {"rawBody":"{
  \"deliveryId\": \"EQVygitJtS3haqG2LtXhZZ\",
  \"webhookId\": \"RX3UBCuGzce4NbGdm7fnRA\",
  \"originalDeliveryId\": \"EL6br2V1iYYBEemMxQZc25\",
  \"isRedelivery\": true,
  \"type\": \"InvoiceSettled\",
  \"timestamp\": 1751612616,
  \"manuallyMarked\": false,
  \"overPaid\": false,
  \"storeId\": \"AWvybLskC7tDJqMjF6LjMBoKVaRehoaGypaSg1ysvFHy\",
  \"invoiceId\": \"Xe4gcjH8cbxQ54Sc2KA8w5\",
  \"metadata\": {
    \"orderId\": \"PAY_REQUEST_956a1749-4178-48eb-908e-09eac44a5427\",
    \"buyerEmail\": \"user_1@example.com\",
    \"paymentRequestId\": \"956a1749-4178-48eb-908e-09eac44a5427\"
  }
}"} 
[2025-07-04 07:12:09] production.INFO: [BTCPAY] Payload décodé {"deliveryId":"EQVygitJtS3haqG2LtXhZZ","webhookId":"RX3UBCuGzce4NbGdm7fnRA","originalDeliveryId":"EL6br2V1iYYBEemMxQZc25","isRedelivery":true,"type":"InvoiceSettled","timestamp":1751612616,"manuallyMarked":false,"overPaid":false,"storeId":"AWvybLskC7tDJqMjF6LjMBoKVaRehoaGypaSg1ysvFHy","invoiceId":"Xe4gcjH8cbxQ54Sc2KA8w5","metadata":{"orderId":"PAY_REQUEST_956a1749-4178-48eb-908e-09eac44a5427","buyerEmail":"user_1@example.com","paymentRequestId":"956a1749-4178-48eb-908e-09eac44a5427"}} 
[2025-07-04 07:12:54] production.INFO: [BTCPAY] Webhook reçu {"rawBody":"{
  \"deliveryId\": \"JnZxSJwfYHxcBZkxqRLkFa\",
  \"webhookId\": \"RX3UBCuGzce4NbGdm7fnRA\",
  \"originalDeliveryId\": \"EL6br2V1iYYBEemMxQZc25\",
  \"isRedelivery\": true,
  \"type\": \"InvoiceSettled\",
  \"timestamp\": 1751612616,
  \"manuallyMarked\": false,
  \"overPaid\": false,
  \"storeId\": \"AWvybLskC7tDJqMjF6LjMBoKVaRehoaGypaSg1ysvFHy\",
  \"invoiceId\": \"Xe4gcjH8cbxQ54Sc2KA8w5\",
  \"metadata\": {
    \"orderId\": \"PAY_REQUEST_956a1749-4178-48eb-908e-09eac44a5427\",
    \"buyerEmail\": \"user_1@example.com\",
    \"paymentRequestId\": \"956a1749-4178-48eb-908e-09eac44a5427\"
  }
}"} 
[2025-07-04 07:12:54] production.INFO: [BTCPAY] Payload décodé {"deliveryId":"JnZxSJwfYHxcBZkxqRLkFa","webhookId":"RX3UBCuGzce4NbGdm7fnRA","originalDeliveryId":"EL6br2V1iYYBEemMxQZc25","isRedelivery":true,"type":"InvoiceSettled","timestamp":1751612616,"manuallyMarked":false,"overPaid":false,"storeId":"AWvybLskC7tDJqMjF6LjMBoKVaRehoaGypaSg1ysvFHy","invoiceId":"Xe4gcjH8cbxQ54Sc2KA8w5","metadata":{"orderId":"PAY_REQUEST_956a1749-4178-48eb-908e-09eac44a5427","buyerEmail":"user_1@example.com","paymentRequestId":"956a1749-4178-48eb-908e-09eac44a5427"}} 
[2025-07-04 07:13:42] production.WARNING: bolt11 manquant dans la réponse BTCPay, utilisant la valeur par défaut {"paymentRequestId":"00eab3d0-d374-4feb-88da-88b0cb80dee1","response":{"id":"8T8nG26cZigGictcb6Arb8","storeId":"AWvybLskC7tDJqMjF6LjMBoKVaRehoaGypaSg1ysvFHy","amount":"0.00000002","checkoutLink":"https://pay.withbitcoin.org/i/8T8nG26cZigGictcb6Arb8","status":"New","additionalStatus":"None","monitoringExpiration":1751699801,"expirationTime":1751613401,"createdTime":1751613221,"availableStatusesForManualMarking":["Settled","Invalid"],"archived":false,"type":"Standard","currency":"BTC","metadata":{"orderId":"PAY_REQUEST_00eab3d0-d374-4feb-88da-88b0cb80dee1","paymentRequestId":"00eab3d0-d374-4feb-88da-88b0cb80dee1","buyerEmail":"user_1@example.com"},"checkout":{"speedPolicy":"MediumSpeed","paymentMethods":["BTC-LN","BTC-LNURL"],"defaultPaymentMethod":null,"expirationMinutes":3,"monitoringMinutes":1440,"paymentTolerance":0.0,"redirectURL":"https://pay.withbitcoin.org/payment-requests/00eab3d0-d374-4feb-88da-88b0cb80dee1","redirectAutomatically":false,"defaultLanguage":null,"lazyPaymentMethods":null},"receipt":{"enabled":false,"showQR":true,"showPayments":true}}} 
[2025-07-04 07:14:00] production.INFO: [BTCPAY] Webhook reçu {"rawBody":"{
  \"manuallyMarked\": false,
  \"overPaid\": false,
  \"deliveryId\": \"7eMRXK2EbRWJ1xn2wBDL2s\",
  \"webhookId\": \"RX3UBCuGzce4NbGdm7fnRA\",
  \"originalDeliveryId\": \"7eMRXK2EbRWJ1xn2wBDL2s\",
  \"isRedelivery\": false,
  \"type\": \"InvoiceSettled\",
  \"timestamp\": 1751613239,
  \"storeId\": \"AWvybLskC7tDJqMjF6LjMBoKVaRehoaGypaSg1ysvFHy\",
  \"invoiceId\": \"8T8nG26cZigGictcb6Arb8\",
  \"metadata\": {
    \"orderId\": \"PAY_REQUEST_00eab3d0-d374-4feb-88da-88b0cb80dee1\",
    \"buyerEmail\": \"user_1@example.com\",
    \"paymentRequestId\": \"00eab3d0-d374-4feb-88da-88b0cb80dee1\"
  }
}"} 
[2025-07-04 07:14:00] production.INFO: [BTCPAY] Payload décodé {"manuallyMarked":false,"overPaid":false,"deliveryId":"7eMRXK2EbRWJ1xn2wBDL2s","webhookId":"RX3UBCuGzce4NbGdm7fnRA","originalDeliveryId":"7eMRXK2EbRWJ1xn2wBDL2s","isRedelivery":false,"type":"InvoiceSettled","timestamp":1751613239,"storeId":"AWvybLskC7tDJqMjF6LjMBoKVaRehoaGypaSg1ysvFHy","invoiceId":"8T8nG26cZigGictcb6Arb8","metadata":{"orderId":"PAY_REQUEST_00eab3d0-d374-4feb-88da-88b0cb80dee1","buyerEmail":"user_1@example.com","paymentRequestId":"00eab3d0-d374-4feb-88da-88b0cb80dee1"}} 
